GROUP,PACKAGE,CLASS,INSTRUCTION_MISSED,INSTRUCTION_COVERED,BRANCH_MISSED,BRANCH_COVERED,LINE_MISSED,LINE_COVERED,COMPLEXITY_MISSED,COMPLEXITY_COVERED,METHOD_MISSED,METHOD_COVERED
Commons Digester,org.apache.commons.digester.annotations.handlers,MethodHandler,88,160,11,19,12,31,10,9,0,4
Commons Digester,org.apache.commons.digester.annotations.handlers,SetPropertiesLoaderHandler,0,26,0,2,0,8,0,3,0,2
Commons Digester,org.apache.commons.digester.annotations,FromAnnotationRuleProviderFactory,5,21,1,1,1,6,1,3,0,3
Commons Digester,org.apache.commons.digester.annotations,FromAnnotationsRuleSet,45,147,2,12,10,36,7,13,5,8
Commons Digester,org.apache.commons.digester.annotations,DigesterLoaderBuilder,5,22,1,1,1,7,1,4,0,4
Commons Digester,org.apache.commons.digester.annotations,DigesterLoadingException,13,0,0,0,6,0,3,0,3,0
Commons Digester,org.apache.commons.digester.annotations,DigesterLoader,18,256,7,23,5,57,8,16,1,8
Commons Digester,org.apache.commons.digester.annotations.providers,ObjectCreateRuleProvider,0,13,0,0,0,4,0,3,0,3
Commons Digester,org.apache.commons.digester.annotations.providers,BeanPropertySetterRuleProvider,0,14,0,0,0,4,0,3,0,3
Commons Digester,org.apache.commons.digester.annotations.providers,SetRootRuleProvider,23,0,0,0,5,0,3,0,3,0
Commons Digester,org.apache.commons.digester.annotations.providers,CallParamRuleProvider,0,14,0,0,0,4,0,3,0,3
Commons Digester,org.apache.commons.digester.annotations.providers,AttributeCallParamRuleProvider,0,20,0,0,0,5,0,3,0,3
Commons Digester,org.apache.commons.digester.annotations.providers,PathCallParamRuleProvider,14,0,0,0,4,0,3,0,3,0
Commons Digester,org.apache.commons.digester.annotations.providers,SetNextRuleProvider,0,23,0,0,0,5,0,3,0,3
Commons Digester,org.apache.commons.digester.annotations.providers,SetTopRuleProvider,0,23,0,0,0,5,0,3,0,3
Commons Digester,org.apache.commons.digester.annotations.providers,StackCallParamRuleProvider,20,0,0,0,5,0,3,0,3,0
Commons Digester,org.apache.commons.digester.annotations.providers,CallMethodRuleProvider,0,23,0,0,0,5,0,3,0,3
Commons Digester,org.apache.commons.digester.annotations.providers,SetPropertiesRuleProvider,5,75,0,4,2,16,1,5,1,3
Commons Digester,org.apache.commons.digester.annotations.providers,FactoryCreateRuleProvider,0,20,0,0,0,5,0,3,0,3
Commons Digester,org.apache.commons.digester,SetNestedPropertiesRule.AnyChildRule,111,95,8,12,13,28,6,8,0,4
Commons Digester,org.apache.commons.digester,NodeCreateRule.NodeBuilder,58,188,3,13,14,47,4,10,1,5
Commons Digester,org.apache.commons.digester,CallMethodRule,266,492,24,50,53,107,22,35,6,14
Commons Digester,org.apache.commons.digester,SetNestedPropertiesRule.AnyChildRules,21,77,2,6,8,21,9,7,7,5
Commons Digester,org.apache.commons.digester,RegexMatcher,0,3,0,0,0,1,0,1,0,1
Commons Digester,org.apache.commons.digester,SetRootRule,128,64,5,3,21,18,9,3,5,3
Commons Digester,org.apache.commons.digester,ObjectParamRule,39,59,0,4,9,18,1,5,1,3
Commons Digester,org.apache.commons.digester,Substitutor,0,3,0,0,0,1,0,1,0,1
Commons Digester,org.apache.commons.digester,AbstractObjectCreationFactory,3,10,0,0,1,4,1,2,1,2
Commons Digester,org.apache.commons.digester,ExtendedBaseRules.new Comparator() {...},8,30,4,2,4,6,3,2,0,2
Commons Digester,org.apache.commons.digester,RulesBase,0,230,0,40,0,59,0,31,0,11
Commons Digester,org.apache.commons.digester,ParserFeatureSetterFactory,26,0,4,0,11,0,5,0,3,0
Commons Digester,org.apache.commons.digester,RegexRules.RegisteredRule,0,12,0,0,0,4,0,1,0,1
Commons Digester,org.apache.commons.digester,PathCallParamRule,21,27,1,1,5,9,2,2,1,2
Commons Digester,org.apache.commons.digester,SetPropertyRule,88,93,6,12,17,27,7,6,2,2
Commons Digester,org.apache.commons.digester,Digester,1354,1590,93,135,225,447,122,141,52,97
Commons Digester,org.apache.commons.digester,SimpleRegexMatcher,96,126,7,22,12,30,9,12,2,4
Commons Digester,org.apache.commons.digester,SetNestedPropertiesRule,56,146,0,4,15,31,5,9,5,7
Commons Digester,org.apache.commons.digester,BeanPropertySetterRule,98,74,5,7,17,24,7,7,3,5
Commons Digester,org.apache.commons.digester,FactoryCreateRule,213,199,19,23,42,56,25,16,11,9
Commons Digester,org.apache.commons.digester,RuleSetBase,0,9,0,0,0,3,0,2,0,2
Commons Digester,org.apache.commons.digester,AbstractRulesImpl,28,14,2,2,9,5,7,2,5,2
Commons Digester,org.apache.commons.digester,SetPropertiesRule,87,290,6,34,12,65,8,21,3,6
Commons Digester,org.apache.commons.digester,RegexRules,8,91,1,7,2,22,2,9,1,6
Commons Digester,org.apache.commons.digester,CallParamRule,78,152,2,16,18,38,5,14,3,7
Commons Digester,org.apache.commons.digester,SetTopRule,118,75,4,4,19,20,8,4,5,3
Commons Digester,org.apache.commons.digester,WithDefaultsRulesWrapper,56,80,6,6,14,23,11,7,6,6
Commons Digester,org.apache.commons.digester,SetNextRule,118,75,4,4,19,20,8,4,5,3
Commons Digester,org.apache.commons.digester,ObjectCreateRule,101,63,5,3,23,20,10,5,6,5
Commons Digester,org.apache.commons.digester,Rule,12,38,0,0,3,19,1,12,1,12
Commons Digester,org.apache.commons.digester,NodeCreateRule,15,113,1,11,4,33,2,10,1,5
Commons Digester,org.apache.commons.digester,ExtendedBaseRules,0,431,2,80,0,105,2,45,0,6
Commons Digester,org.apache.commons.digester.plugins.strategies,FinderFromMethod,0,28,0,2,0,10,0,5,0,4
Commons Digester,org.apache.commons.digester.plugins.strategies,FinderFromFile,70,42,0,2,8,16,0,5,0,4
Commons Digester,org.apache.commons.digester.plugins.strategies,FinderSetProperties,7,30,3,1,1,11,2,4,0,4
Commons Digester,org.apache.commons.digester.plugins.strategies,LoaderFromStream,12,59,1,3,1,19,1,4,0,3
Commons Digester,org.apache.commons.digester.plugins.strategies,FinderFromDfltMethod,0,28,0,2,0,10,0,5,0,4
Commons Digester,org.apache.commons.digester.plugins.strategies,LoaderSetProperties,12,15,1,1,1,6,1,2,0,2
Commons Digester,org.apache.commons.digester.plugins.strategies,LoaderFromClass,51,69,2,2,5,20,2,4,0,4
Commons Digester,org.apache.commons.digester.plugins.strategies,FinderFromDfltClass,3,51,1,1,1,16,1,4,0,4
Commons Digester,org.apache.commons.digester.plugins.strategies,FinderFromResource,68,47,1,3,7,17,1,6,0,5
Commons Digester,org.apache.commons.digester.plugins.strategies,FinderFromDfltResource,0,42,0,2,0,13,0,5,0,4
Commons Digester,org.apache.commons.digester.plugins.strategies,FinderFromClass,16,63,2,6,3,23,2,6,0,4
Commons Digester,org.apache.commons.digester.plugins,PluginInvalidInputException,25,0,0,0,10,0,4,0,4,0
Commons Digester,org.apache.commons.digester.plugins,Declaration,109,122,10,10,18,37,10,9,1,8
Commons Digester,org.apache.commons.digester.plugins,RulesFactory,3,0,0,0,1,0,1,0,1,0
Commons Digester,org.apache.commons.digester.plugins,RuleLoader,0,3,0,0,0,1,0,1,0,1
Commons Digester,org.apache.commons.digester.plugins,PluginConfigurationException,25,0,0,0,10,0,4,0,4,0
Commons Digester,org.apache.commons.digester.plugins,PluginCreateRule,349,445,25,49,54,123,26,24,2,11
Commons Digester,org.apache.commons.digester.plugins,LogUtils,3,9,0,2,1,3,1,2,1,1
Commons Digester,org.apache.commons.digester.plugins,PluginDeclarationRule,34,79,4,6,7,24,4,4,0,3
Commons Digester,org.apache.commons.digester.plugins,RuleFinder,0,3,0,0,0,1,0,1,0,1
Commons Digester,org.apache.commons.digester.plugins,PluginAssertionFailure,25,0,0,0,10,0,4,0,4,0
Commons Digester,org.apache.commons.digester.plugins,PluginException,25,0,0,0,10,0,4,0,4,0
Commons Digester,org.apache.commons.digester.plugins,PluginContext,4,130,0,2,2,32,1,9,1,8
Commons Digester,org.apache.commons.digester.plugins,PluginRules,146,215,10,16,30,58,17,21,9,16
Commons Digester,org.apache.commons.digester.plugins,PluginManager,59,139,4,14,8,40,4,11,0,6
Commons Digester,org.apache.commons.digester.xmlrules,DigesterRuleParser.SetNestedPropertiesAliasRule,18,6,0,0,5,3,1,1,1,1
Commons Digester,org.apache.commons.digester.xmlrules,DigesterRuleParser.FactoryCreateRuleFactory,9,29,3,1,0,6,2,2,0,2
Commons Digester,org.apache.commons.digester.xmlrules,DigesterRuleParser.SetNextRuleFactory,0,30,1,3,0,4,1,3,0,2
Commons Digester,org.apache.commons.digester.xmlrules,DigesterLoadingException,25,0,0,0,10,0,4,0,4,0
Commons Digester,org.apache.commons.digester.xmlrules,DigesterRuleParser,23,388,2,4,5,69,3,9,1,8
Commons Digester,org.apache.commons.digester.xmlrules,FromXmlRuleSet.URLXMLRulesLoader,0,26,0,0,0,8,0,2,0,2
Commons Digester,org.apache.commons.digester.xmlrules,DigesterRuleParser.SetRootRuleFactory,24,6,4,0,3,1,3,1,1,1
Commons Digester,org.apache.commons.digester.xmlrules,DigesterRuleParser.BeanPropertySetterRuleFactory,5,21,1,1,1,6,1,2,0,2
Commons Digester,org.apache.commons.digester.xmlrules,DigesterRuleParser.NodeCreateRuleFactory,36,16,7,1,5,4,4,2,0,2
Commons Digester,org.apache.commons.digester.xmlrules,DigesterRuleParser.SetPropertiesRuleFactory,0,10,0,0,0,2,0,2,0,2
Commons Digester,org.apache.commons.digester.xmlrules,DigesterRuleParser.PatternStack,0,40,0,6,0,9,0,5,0,2
Commons Digester,org.apache.commons.digester.xmlrules,DigesterLoader,81,71,0,0,21,20,5,6,5,6
Commons Digester,org.apache.commons.digester.xmlrules,DigesterRuleParser.CallParamRuleFactory,13,57,2,6,3,15,2,4,0,2
Commons Digester,org.apache.commons.digester.xmlrules,DigesterRuleParser.SetNestedPropertiesRuleFactory,15,6,0,0,5,1,1,1,1,1
Commons Digester,org.apache.commons.digester.xmlrules,DigesterRuleParser.SetTopRuleFactory,24,6,4,0,3,1,3,1,1,1
Commons Digester,org.apache.commons.digester.xmlrules,CircularIncludeException,0,11,0,0,0,2,0,1,0,1
Commons Digester,org.apache.commons.digester.xmlrules,DigesterRuleParser.CallMethodRuleFactory,3,100,2,10,1,24,2,7,0,3
Commons Digester,org.apache.commons.digester.xmlrules,DigesterRuleParser.SetPropertiesAliasRule,0,24,0,0,0,8,0,2,0,2
Commons Digester,org.apache.commons.digester.xmlrules,DigesterRuleParser.IncludeRule,27,137,4,10,2,36,4,7,0,4
Commons Digester,org.apache.commons.digester.xmlrules,FromXmlRuleSet.XMLRulesLoader,0,3,0,0,0,1,0,1,0,1
Commons Digester,org.apache.commons.digester.xmlrules,XmlLoadException,10,15,0,0,4,6,2,2,2,2
Commons Digester,org.apache.commons.digester.xmlrules,DigesterRuleParser.PatternRule,0,38,0,4,0,12,0,5,0,3
Commons Digester,org.apache.commons.digester.xmlrules,DigesterRuleParser.SetPropertyRuleFactory,14,6,0,0,3,1,1,1,1,1
Commons Digester,org.apache.commons.digester.xmlrules,DigesterRuleParser.ObjectCreateRuleFactory,8,22,3,1,0,4,2,2,0,2
Commons Digester,org.apache.commons.digester.xmlrules,FromXmlRuleSet.InputSourceXMLRulesLoader,6,19,0,0,2,6,0,2,0,2
Commons Digester,org.apache.commons.digester.xmlrules,FromXmlRuleSet,37,94,1,1,9,25,5,7,4,7
Commons Digester,org.apache.commons.digester.xmlrules,DigesterRuleParser.ObjectParamRuleFactory,12,53,2,4,2,15,2,3,0,2
Commons Digester,org.apache.commons.digester.xmlrules,DigesterRuleParser.RulesPrefixAdapter,32,45,0,2,9,13,7,4,7,3
Commons Digester,org.apache.commons.digester.substitution,VariableSubstitutor,0,47,2,2,0,16,2,4,0,4
Commons Digester,org.apache.commons.digester.substitution,MultiVariableExpander,10,155,2,8,2,32,2,7,0,4
Commons Digester,org.apache.commons.digester.substitution,VariableAttributes,54,93,6,6,12,22,13,7,8,6
Commons Digester,org.apache.commons.digester.parser,XercesParser,127,0,6,0,42,0,9,0,6,0
Commons Digester,org.apache.commons.digester.parser,GenericParser,58,0,2,0,17,0,4,0,3,0
Commons Digester,org.apache.commons.digester.annotations.reflect,MethodArgument,59,33,8,0,10,10,8,4,4,4
Commons Digester,org.apache.commons.digester.annotations.utils,AnnotationUtils,10,37,4,4,6,10,5,4,1,4
Commons Digester,org.apache.commons.digester.annotations.internal,DefaultDigesterLoaderHandlerFactory,16,7,0,0,2,2,0,2,0,2
Commons Digester,org.apache.commons.digester.annotations.internal,DefaultAnnotationRuleProviderFactory,16,7,0,0,2,2,0,2,0,2
Commons Digester,org.apache.commons.digester.annotations.internal,RuleSetCache.new LinkedHashMap() {...},2,14,1,1,0,2,1,2,0,2
Commons Digester,org.apache.commons.digester.annotations.internal,RuleSetCache,13,53,1,1,3,12,2,4,1,4
